[0826/180851.234:ERROR:prune_crash_reports.cc(36)] PruneCrashReportDatabase: Failed to get pending reports
[0826/181628.495:ERROR:process_reader_win.cc(123)] NtOpenThread: {Access Denied} A process has requested access to an object, but has not been granted those access rights. (0xc0000022)
[0826/181628.495:ERROR:process_reader_win.cc(123)] NtOpenThread: {Access Denied} A process has requested access to an object, but has not been granted those access rights. (0xc0000022)
[0826/181628.497:ERROR:exception_snapshot_win.cc(99)] thread ID 4120 not found in process
[0826/181628.497:ERROR:exception_snapshot_win.cc(99)] thread ID 8648 not found in process
[0826/181628.497:ERROR:process_reader_win.cc(123)] NtOpenThread: {Access Denied} A process has requested access to an object, but has not been granted those access rights. (0xc0000022)
[0826/181628.497:ERROR:process_reader_win.cc(123)] NtOpenThread: {Access Denied} A process has requested access to an object, but has not been granted those access rights. (0xc0000022)
[0826/181628.507:ERROR:process_reader_win.cc(123)] NtOpenThread: {Access Denied} A process has requested access to an object, but has not been granted those access rights. (0xc0000022)
[0826/181628.561:ERROR:exception_snapshot_win.cc(99)] thread ID 7804 not found in process
[0826/181628.507:ERROR:process_reader_win.cc(123)] NtOpenThread: {Access Denied} A process has requested access to an object, but has not been granted those access rights. (0xc0000022)
[0826/181628.515:ERROR:process_reader_win.cc(123)] NtOpenThread: {Access Denied} A process has requested access to an object, but has not been granted those access rights. (0xc0000022)
[0826/181628.525:ERROR:process_reader_win.cc(123)] NtOpenThread: {Access Denied} A process has requested access to an object, but has not been granted those access rights. (0xc0000022)
[0826/181628.561:ERROR:exception_snapshot_win.cc(99)] thread ID 19856 not found in process
[0826/181628.561:ERROR:exception_snapshot_win.cc(99)] thread ID 12748 not found in process
[0826/181628.561:ERROR:exception_snapshot_win.cc(99)] thread ID 5884 not found in process
[0826/181628.561:ERROR:exception_snapshot_win.cc(99)] thread ID 16404 not found in process
[0826/181628.561:ERROR:exception_snapshot_win.cc(99)] thread ID 1448 not found in process
[0826/231738.787:ERROR:process_reader_win.cc(123)] NtOpenThread: {Access Denied} A process has requested access to an object, but has not been granted those access rights. (0xc0000022)
[0826/231738.787:ERROR:process_reader_win.cc(123)] NtOpenThread: {Access Denied} A process has requested access to an object, but has not been granted those access rights. (0xc0000022)
[0826/231738.785:ERROR:process_reader_win.cc(123)] NtOpenThread: {Access Denied} A process has requested access to an object, but has not been granted those access rights. (0xc0000022)
[0826/231738.799:ERROR:exception_snapshot_win.cc(99)] thread ID 16844 not found in process
[0826/231738.800:ERROR:exception_snapshot_win.cc(99)] thread ID 6460 not found in process
[0826/231738.799:ERROR:exception_snapshot_win.cc(99)] thread ID 7668 not found in process
[0826/231738.800:ERROR:process_reader_win.cc(123)] NtOpenThread: {Access Denied} A process has requested access to an object, but has not been granted those access rights. (0xc0000022)
[0826/231738.800:ERROR:exception_snapshot_win.cc(99)] thread ID 2456 not found in process
[0826/231738.804:ERROR:process_reader_win.cc(123)] NtOpenThread: {Access Denied} A process has requested access to an object, but has not been granted those access rights. (0xc0000022)
[0826/231738.804:ERROR:exception_snapshot_win.cc(99)] thread ID 2040 not found in process
[0826/231738.785:ERROR:process_reader_win.cc(123)] NtOpenThread: {Access Denied} A process has requested access to an object, but has not been granted those access rights. (0xc0000022)
[0826/231738.887:ERROR:exception_snapshot_win.cc(99)] thread ID 11684 not found in process
[0827/142527.105:ERROR:process_reader_win.cc(123)] NtOpenThread: {Access Denied} A process has requested access to an object, but has not been granted those access rights. (0xc0000022)
[0827/142527.109:ERROR:process_reader_win.cc(123)] NtOpenThread: {Access Denied} A process has requested access to an object, but has not been granted those access rights. (0xc0000022)
[0827/142527.105:ERROR:process_reader_win.cc(123)] NtOpenThread: {Access Denied} A process has requested access to an object, but has not been granted those access rights. (0xc0000022)
[0827/142527.109:ERROR:process_reader_win.cc(123)] NtOpenThread: {Access Denied} A process has requested access to an object, but has not been granted those access rights. (0xc0000022)
[0827/142527.112:ERROR:exception_snapshot_win.cc(99)] thread ID 8852 not found in process
[0827/142527.112:ERROR:exception_snapshot_win.cc(99)] thread ID 9404 not found in process
[0827/142527.112:ERROR:exception_snapshot_win.cc(99)] thread ID 16076 not found in process
[0827/142527.112:ERROR:exception_snapshot_win.cc(99)] thread ID 2748 not found in process
[0827/142527.123:ERROR:process_reader_win.cc(123)] NtOpenThread: {Access Denied} A process has requested access to an object, but has not been granted those access rights. (0xc0000022)
[0827/142527.123:ERROR:exception_snapshot_win.cc(99)] thread ID 2860 not found in process
[0827/142527.133:ERROR:process_reader_win.cc(123)] NtOpenThread: {Access Denied} A process has requested access to an object, but has not been granted those access rights. (0xc0000022)
[0827/142527.133:ERROR:exception_snapshot_win.cc(99)] thread ID 16068 not found in process
[0827/142711.031:ERROR:process_reader_win.cc(151)] SuspendThread: Access is denied. (0x5)
[0827/142711.043:ERROR:process_reader_win.cc(123)] NtOpenThread: {Access Denied} A process has requested access to an object, but has not been granted those access rights. (0xc0000022)
[0827/142711.047:ERROR:process_reader_win.cc(123)] NtOpenThread: {Access Denied} A process has requested access to an object, but has not been granted those access rights. (0xc0000022)
[0827/142711.082:ERROR:process_reader_win.cc(123)] NtOpenThread: {Access Denied} A process has requested access to an object, but has not been granted those access rights. (0xc0000022)
[0827/142711.032:ERROR:process_reader_win.cc(151)] SuspendThread: Access is denied. (0x5)
[0827/142711.037:ERROR:process_reader_win.cc(123)] NtOpenThread: {Access Denied} A process has requested access to an object, but has not been granted those access rights. (0xc0000022)
[0827/142711.085:ERROR:process_reader_win.cc(123)] NtOpenThread: {Access Denied} A process has requested access to an object, but has not been granted those access rights. (0xc0000022)
[0827/142711.146:ERROR:exception_snapshot_win.cc(99)] thread ID 17416 not found in process
[0827/142711.146:ERROR:process_reader_win.cc(123)] NtOpenThread: An invalid Client ID was specified. (0xc000000b)
[0827/142711.146:ERROR:exception_snapshot_win.cc(99)] thread ID 1828 not found in process
[0827/142711.146:ERROR:process_reader_win.cc(123)] NtOpenThread: An invalid Client ID was specified. (0xc000000b)
[0827/142711.146:ERROR:exception_snapshot_win.cc(99)] thread ID 6236 not found in process
[0827/142711.146:ERROR:exception_snapshot_win.cc(99)] thread ID 12236 not found in process
[0827/142711.146:ERROR:exception_snapshot_win.cc(99)] thread ID 21340 not found in process
[0827/142711.146:ERROR:process_reader_win.cc(151)] SuspendThread: Access is denied. (0x5)
[0827/142711.146:ERROR:exception_snapshot_win.cc(99)] thread ID 2708 not found in process
[0827/142711.146:ERROR:process_reader_win.cc(123)] NtOpenThread: {Access Denied} A process has requested access to an object, but has not been granted those access rights. (0xc0000022)
[0827/142711.146:ERROR:exception_snapshot_win.cc(99)] thread ID 256 not found in process
[0827/142711.146:ERROR:scoped_process_suspend.cc(40)] NtResumeProcess: An attempt was made to access an exiting process. (0xc000010a)
[0827/182834.370:ERROR:process_reader_win.cc(123)] NtOpenThread: {Access Denied} A process has requested access to an object, but has not been granted those access rights. (0xc0000022)
[0827/182834.373:ERROR:process_reader_win.cc(123)] NtOpenThread: {Access Denied} A process has requested access to an object, but has not been granted those access rights. (0xc0000022)
[0827/182834.374:ERROR:process_reader_win.cc(123)] NtOpenThread: {Access Denied} A process has requested access to an object, but has not been granted those access rights. (0xc0000022)
[0827/182834.486:ERROR:exception_snapshot_win.cc(99)] thread ID 10840 not found in process
[0827/182834.383:ERROR:process_reader_win.cc(123)] NtOpenThread: {Access Denied} A process has requested access to an object, but has not been granted those access rights. (0xc0000022)
[0827/182834.474:ERROR:exception_snapshot_win.cc(99)] thread ID 24376 not found in process
[0827/182834.486:ERROR:exception_snapshot_win.cc(99)] thread ID 21596 not found in process
[0827/182834.486:ERROR:exception_snapshot_win.cc(99)] thread ID 23612 not found in process
[0827/182834.518:ERROR:process_reader_win.cc(123)] NtOpenThread: {Access Denied} A process has requested access to an object, but has not been granted those access rights. (0xc0000022)
[0827/182834.518:ERROR:exception_snapshot_win.cc(99)] thread ID 5064 not found in process
[0827/202920.452:ERROR:process_reader_win.cc(123)] NtOpenThread: {Access Denied} A process has requested access to an object, but has not been granted those access rights. (0xc0000022)
[0827/202920.452:ERROR:process_reader_win.cc(123)] NtOpenThread: {Access Denied} A process has requested access to an object, but has not been granted those access rights. (0xc0000022)
[0827/202920.797:ERROR:exception_snapshot_win.cc(99)] thread ID 12308 not found in process
[0827/202920.797:ERROR:scoped_process_suspend.cc(40)] NtResumeProcess: An attempt was made to access an exiting process. (0xc000010a)
[0901/135418.853:ERROR:process_reader_win.cc(123)] NtOpenThread: {Access Denied} A process has requested access to an object, but has not been granted those access rights. (0xc0000022)
[0901/135418.857:ERROR:process_reader_win.cc(123)] NtOpenThread: {Access Denied} A process has requested access to an object, but has not been granted those access rights. (0xc0000022)
[0901/135418.864:ERROR:process_reader_win.cc(123)] NtOpenThread: {Access Denied} A process has requested access to an object, but has not been granted those access rights. (0xc0000022)
[0901/135418.870:ERROR:process_reader_win.cc(123)] NtOpenThread: {Access Denied} A process has requested access to an object, but has not been granted those access rights. (0xc0000022)
[0901/135418.881:ERROR:process_reader_win.cc(123)] NtOpenThread: {Access Denied} A process has requested access to an object, but has not been granted those access rights. (0xc0000022)
[0901/135419.190:ERROR:exception_snapshot_win.cc(99)] thread ID 21528 not found in process
[0901/135419.191:ERROR:exception_snapshot_win.cc(99)] thread ID 25556 not found in process
[0901/135419.191:ERROR:exception_snapshot_win.cc(99)] thread ID 26384 not found in process
[0901/135419.191:ERROR:exception_snapshot_win.cc(99)] thread ID 19576 not found in process
[0901/135419.191:ERROR:exception_snapshot_win.cc(99)] thread ID 26300 not found in process
[0901/155329.242:ERROR:prune_crash_reports.cc(36)] PruneCrashReportDatabase: Failed to get pending reports
[0901/160526.332:ERROR:file_io_win.cc(162)] CreateFile C:\Users\Admin\AppData\Local\Temp\scoped_dir25032_431303774\Crashpad\settings.dat: The system cannot find the file specified. (0x2)
[0901/161505.209:ERROR:prune_crash_reports.cc(36)] PruneCrashReportDatabase: Failed to get pending reports
[0901/161943.225:ERROR:prune_crash_reports.cc(36)] PruneCrashReportDatabase: Failed to get pending reports
[0901/190918.562:ERROR:prune_crash_reports.cc(36)] PruneCrashReportDatabase: Failed to get pending reports
[0902/133034.758:ERROR:process_reader_win.cc(123)] NtOpenThread: {Access Denied} A process has requested access to an object, but has not been granted those access rights. (0xc0000022)
[0902/133034.765:ERROR:process_reader_win.cc(123)] NtOpenThread: {Access Denied} A process has requested access to an object, but has not been granted those access rights. (0xc0000022)
[0902/133034.863:ERROR:exception_snapshot_win.cc(99)] thread ID 16508 not found in process
[0902/133034.778:ERROR:process_reader_win.cc(123)] NtOpenThread: {Access Denied} A process has requested access to an object, but has not been granted those access rights. (0xc0000022)
[0902/133034.787:ERROR:process_reader_win.cc(123)] NtOpenThread: {Access Denied} A process has requested access to an object, but has not been granted those access rights. (0xc0000022)
[0902/133034.773:ERROR:process_reader_win.cc(123)] NtOpenThread: {Access Denied} A process has requested access to an object, but has not been granted those access rights. (0xc0000022)
[0902/133034.863:ERROR:exception_snapshot_win.cc(99)] thread ID 2156 not found in process
[0902/133034.863:ERROR:exception_snapshot_win.cc(99)] thread ID 11772 not found in process
[0902/133034.863:ERROR:exception_snapshot_win.cc(99)] thread ID 17596 not found in process
[0902/133034.863:ERROR:exception_snapshot_win.cc(99)] thread ID 12428 not found in process
[0903/163810.070:ERROR:prune_crash_reports.cc(36)] PruneCrashReportDatabase: Failed to get pending reports
[0903/165024.314:ERROR:process_reader_win.cc(123)] NtOpenThread: {Access Denied} A process has requested access to an object, but has not been granted those access rights. (0xc0000022)
[0903/165024.331:ERROR:exception_snapshot_win.cc(99)] thread ID 9912 not found in process
[0903/170207.954:ERROR:prune_crash_reports.cc(36)] PruneCrashReportDatabase: Failed to get pending reports
[0903/192016.307:ERROR:prune_crash_reports.cc(36)] PruneCrashReportDatabase: Failed to get pending reports
[0903/192514.185:ERROR:process_reader_win.cc(123)] NtOpenThread: {Access Denied} A process has requested access to an object, but has not been granted those access rights. (0xc0000022)
[0903/192514.272:ERROR:exception_snapshot_win.cc(99)] thread ID 5224 not found in process
[0903/192518.115:ERROR:process_reader_win.cc(151)] SuspendThread: Access is denied. (0x5)
[0903/192518.115:ERROR:process_reader_win.cc(151)] SuspendThread: Access is denied. (0x5)
[0903/192518.115:ERROR:process_reader_win.cc(151)] SuspendThread: Access is denied. (0x5)
[0903/192518.115:ERROR:process_reader_win.cc(151)] SuspendThread: Access is denied. (0x5)
[0903/192518.115:ERROR:process_reader_win.cc(151)] SuspendThread: Access is denied. (0x5)
[0903/192518.115:ERROR:process_reader_win.cc(151)] SuspendThread: Access is denied. (0x5)
[0903/192518.115:ERROR:process_reader_win.cc(151)] SuspendThread: Access is denied. (0x5)
[0903/192518.115:ERROR:process_reader_win.cc(151)] SuspendThread: Access is denied. (0x5)
[0903/192518.115:ERROR:process_reader_win.cc(151)] SuspendThread: Access is denied. (0x5)
[0903/192518.115:ERROR:process_reader_win.cc(123)] NtOpenThread: {Access Denied} A process has requested access to an object, but has not been granted those access rights. (0xc0000022)
[0903/192518.116:ERROR:exception_snapshot_win.cc(99)] thread ID 13656 not found in process
[0904/121731.934:ERROR:process_reader_win.cc(123)] NtOpenThread: {Access Denied} A process has requested access to an object, but has not been granted those access rights. (0xc0000022)
[0904/121731.935:ERROR:exception_snapshot_win.cc(99)] thread ID 1124 not found in process
[0904/122738.660:ERROR:prune_crash_reports.cc(36)] PruneCrashReportDatabase: Failed to get pending reports
[0904/162313.503:ERROR:process_reader_win.cc(123)] NtOpenThread: {Access Denied} A process has requested access to an object, but has not been granted those access rights. (0xc0000022)
[0904/162314.477:ERROR:exception_snapshot_win.cc(99)] thread ID 6124 not found in process
[0904/162314.478:ERROR:scoped_process_suspend.cc(40)] NtResumeProcess: An attempt was made to access an exiting process. (0xc000010a)
[0904/162318.586:ERROR:scoped_process_suspend.cc(31)] NtSuspendProcess: An attempt was made to access an exiting process. (0xc000010a)
[0904/162318.703:ERROR:process_info.cc(118)] ReadProcessMemory bool __cdecl crashpad::(anonymous namespace)::ReadStruct(HANDLE, crashpad::WinVMAddress, T *) [T = crashpad::process_types::RTL_USER_PROCESS_PARAMETERS<crashpad::process_types::internal::Traits64>]: Only part of a ReadProcessMemory or WriteProcessMemory request was completed. (0x12B)
[0904/162318.704:ERROR:process_info.cc(551)] ReadProcessData failed
[0904/163931.242:ERROR:prune_crash_reports.cc(36)] PruneCrashReportDatabase: Failed to get pending reports
[0904/165440.192:ERROR:prune_crash_reports.cc(36)] PruneCrashReportDatabase: Failed to get pending reports
[0904/165937.108:ERROR:prune_crash_reports.cc(36)] PruneCrashReportDatabase: Failed to get pending reports
[0904/181033.195:ERROR:process_reader_win.cc(151)] SuspendThread: Access is denied. (0x5)
[0904/181033.374:ERROR:process_reader_win.cc(123)] NtOpenThread: {Access Denied} A process has requested access to an object, but has not been granted those access rights. (0xc0000022)
[0904/181033.374:ERROR:exception_snapshot_win.cc(99)] thread ID 13268 not found in process
[0904/181033.292:ERROR:process_reader_win.cc(151)] SuspendThread: Access is denied. (0x5)
[0904/181033.375:ERROR:process_reader_win.cc(151)] SuspendThread: Access is denied. (0x5)
[0904/181033.375:ERROR:process_reader_win.cc(151)] SuspendThread: Access is denied. (0x5)
[0904/181033.375:ERROR:process_reader_win.cc(123)] NtOpenThread: {Access Denied} A process has requested access to an object, but has not been granted those access rights. (0xc0000022)
[0904/181033.375:ERROR:exception_snapshot_win.cc(99)] thread ID 6912 not found in process
[0904/181033.180:ERROR:process_reader_win.cc(123)] NtOpenThread: {Access Denied} A process has requested access to an object, but has not been granted those access rights. (0xc0000022)
[0904/181033.376:ERROR:exception_snapshot_win.cc(99)] thread ID 12532 not found in process
[0904/181034.696:ERROR:process_reader_win.cc(123)] NtOpenThread: {Access Denied} A process has requested access to an object, but has not been granted those access rights. (0xc0000022)
[0904/181034.696:ERROR:exception_snapshot_win.cc(99)] thread ID 13816 not found in process
[0904/181041.373:ERROR:process_reader_win.cc(123)] NtOpenThread: {Access Denied} A process has requested access to an object, but has not been granted those access rights. (0xc0000022)
[0904/181041.374:ERROR:exception_snapshot_win.cc(99)] thread ID 7576 not found in process
[0904/181041.964:ERROR:process_reader_win.cc(123)] NtOpenThread: {Access Denied} A process has requested access to an object, but has not been granted those access rights. (0xc0000022)
[0904/181041.984:ERROR:exception_snapshot_win.cc(99)] thread ID 12036 not found in process
[0904/181042.757:ERROR:process_reader_win.cc(123)] NtOpenThread: {Access Denied} A process has requested access to an object, but has not been granted those access rights. (0xc0000022)
[0904/181042.758:ERROR:exception_snapshot_win.cc(99)] thread ID 9220 not found in process
[0904/181044.304:ERROR:process_reader_win.cc(123)] NtOpenThread: {Access Denied} A process has requested access to an object, but has not been granted those access rights. (0xc0000022)
[0904/181044.304:ERROR:exception_snapshot_win.cc(99)] thread ID 4916 not found in process
[0904/184052.343:ERROR:prune_crash_reports.cc(36)] PruneCrashReportDatabase: Failed to get pending reports
[0904/191901.877:ERROR:process_reader_win.cc(123)] NtOpenThread: {Access Denied} A process has requested access to an object, but has not been granted those access rights. (0xc0000022)
[0904/191901.878:ERROR:exception_snapshot_win.cc(99)] thread ID 12924 not found in process
[0904/191901.950:ERROR:process_reader_win.cc(123)] NtOpenThread: {Access Denied} A process has requested access to an object, but has not been granted those access rights. (0xc0000022)
[0904/191901.950:ERROR:exception_snapshot_win.cc(99)] thread ID 1064 not found in process
[0907/094451.742:ERROR:prune_crash_reports.cc(36)] PruneCrashReportDatabase: Failed to get pending reports
[0907/123329.916:ERROR:process_reader_win.cc(123)] NtOpenThread: {Access Denied} A process has requested access to an object, but has not been granted those access rights. (0xc0000022)
[0907/123329.944:ERROR:exception_snapshot_win.cc(99)] thread ID 3232 not found in process
[0907/181050.437:ERROR:prune_crash_reports.cc(36)] PruneCrashReportDatabase: Failed to get pending reports
[0908/134626.074:ERROR:process_reader_win.cc(151)] SuspendThread: Access is denied. (0x5)
[0908/134626.105:ERROR:process_info.cc(329)] VirtualQueryEx: Access is denied. (0x5)
[0908/134626.111:ERROR:process_info.cc(556)] ReadMemoryInfo failed
[0908/134626.111:ERROR:process_reader_win.cc(151)] SuspendThread: Access is denied. (0x5)
[0908/134626.111:ERROR:process_reader_win.cc(151)] SuspendThread: Access is denied. (0x5)
[0908/134626.111:ERROR:process_reader_win.cc(151)] SuspendThread: Access is denied. (0x5)
[0908/134626.111:ERROR:process_reader_win.cc(151)] SuspendThread: Access is denied. (0x5)
[0908/134626.117:ERROR:process_reader_win.cc(123)] NtOpenThread: {Access Denied} A process has requested access to an object, but has not been granted those access rights. (0xc0000022)
[0908/134626.080:ERROR:process_reader_win.cc(123)] NtOpenThread: {Access Denied} A process has requested access to an object, but has not been granted those access rights. (0xc0000022)
[0908/134626.134:ERROR:exception_snapshot_win.cc(99)] thread ID 4328 not found in process
[0908/134626.111:ERROR:process_reader_win.cc(123)] NtOpenThread: {Access Denied} A process has requested access to an object, but has not been granted those access rights. (0xc0000022)
[0908/134626.135:ERROR:exception_snapshot_win.cc(99)] thread ID 5892 not found in process
[0908/134626.135:ERROR:exception_snapshot_win.cc(99)] thread ID 13920 not found in process
[0908/134626.111:ERROR:scoped_process_suspend.cc(40)] NtResumeProcess: An attempt was made to access an exiting process. (0xc000010a)
[0908/134626.835:ERROR:process_reader_win.cc(123)] NtOpenThread: {Access Denied} A process has requested access to an object, but has not been granted those access rights. (0xc0000022)
[0908/134626.835:ERROR:exception_snapshot_win.cc(99)] thread ID 9380 not found in process
[0908/134627.839:ERROR:process_reader_win.cc(123)] NtOpenThread: {Access Denied} A process has requested access to an object, but has not been granted those access rights. (0xc0000022)
[0908/134627.839:ERROR:exception_snapshot_win.cc(99)] thread ID 9172 not found in process
[0908/134628.452:ERROR:process_reader_win.cc(123)] NtOpenThread: {Access Denied} A process has requested access to an object, but has not been granted those access rights. (0xc0000022)
[0908/134628.452:ERROR:exception_snapshot_win.cc(99)] thread ID 13112 not found in process
[0908/181850.216:ERROR:prune_crash_reports.cc(36)] PruneCrashReportDatabase: Failed to get pending reports
[0908/191247.575:ERROR:process_reader_win.cc(123)] NtOpenThread: {Access Denied} A process has requested access to an object, but has not been granted those access rights. (0xc0000022)
[0908/191247.708:ERROR:exception_snapshot_win.cc(99)] thread ID 13912 not found in process
[0908/192904.876:ERROR:process_reader_win.cc(151)] SuspendThread: Access is denied. (0x5)
[0908/192904.880:ERROR:process_reader_win.cc(123)] NtOpenThread: {Access Denied} A process has requested access to an object, but has not been granted those access rights. (0xc0000022)
[0908/192904.919:ERROR:exception_snapshot_win.cc(99)] thread ID 11436 not found in process
[0908/192904.883:ERROR:process_reader_win.cc(151)] SuspendThread: Access is denied. (0x5)
[0908/192904.919:ERROR:process_reader_win.cc(123)] NtOpenThread: {Access Denied} A process has requested access to an object, but has not been granted those access rights. (0xc0000022)
[0908/192904.919:ERROR:exception_snapshot_win.cc(99)] thread ID 13276 not found in process
[0908/192904.919:ERROR:process_reader_win.cc(123)] NtOpenThread: {Access Denied} A process has requested access to an object, but has not been granted those access rights. (0xc0000022)
[0908/192904.919:ERROR:exception_snapshot_win.cc(99)] thread ID 984 not found in process
[0908/192904.883:ERROR:process_reader_win.cc(151)] SuspendThread: Access is denied. (0x5)
[0908/192904.922:ERROR:process_reader_win.cc(123)] NtOpenThread: {Access Denied} A process has requested access to an object, but has not been granted those access rights. (0xc0000022)
[0908/192904.922:ERROR:exception_snapshot_win.cc(99)] thread ID 7376 not found in process
[0908/192904.920:ERROR:scoped_process_suspend.cc(40)] NtResumeProcess: An attempt was made to access an exiting process. (0xc000010a)
[0908/192905.091:ERROR:process_reader_win.cc(123)] NtOpenThread: {Access Denied} A process has requested access to an object, but has not been granted those access rights. (0xc0000022)
[0908/192905.091:ERROR:exception_snapshot_win.cc(99)] thread ID 188 not found in process
[0909/142642.654:ERROR:prune_crash_reports.cc(36)] PruneCrashReportDatabase: Failed to get pending reports
[0909/154110.875:ERROR:process_reader_win.cc(123)] NtOpenThread: {Access Denied} A process has requested access to an object, but has not been granted those access rights. (0xc0000022)
[0909/154110.905:ERROR:exception_snapshot_win.cc(99)] thread ID 15164 not found in process
[0909/155957.836:ERROR:prune_crash_reports.cc(36)] PruneCrashReportDatabase: Failed to get pending reports
[0909/160432.769:ERROR:process_reader_win.cc(151)] SuspendThread: Access is denied. (0x5)
[0909/160432.770:ERROR:process_reader_win.cc(123)] NtOpenThread: {Access Denied} A process has requested access to an object, but has not been granted those access rights. (0xc0000022)
[0909/160432.770:ERROR:exception_snapshot_win.cc(99)] thread ID 9964 not found in process
[0909/160432.774:ERROR:process_reader_win.cc(151)] SuspendThread: Access is denied. (0x5)
[0909/160432.774:ERROR:process_reader_win.cc(123)] NtOpenThread: {Access Denied} A process has requested access to an object, but has not been granted those access rights. (0xc0000022)
[0909/160432.774:ERROR:exception_snapshot_win.cc(99)] thread ID 9468 not found in process
[0909/160432.774:ERROR:process_reader_win.cc(151)] SuspendThread: Access is denied. (0x5)
[0909/160432.774:ERROR:process_reader_win.cc(123)] NtOpenThread: {Access Denied} A process has requested access to an object, but has not been granted those access rights. (0xc0000022)
[0909/160432.774:ERROR:exception_snapshot_win.cc(99)] thread ID 8076 not found in process
[0909/160432.779:ERROR:process_reader_win.cc(123)] NtOpenThread: {Access Denied} A process has requested access to an object, but has not been granted those access rights. (0xc0000022)
[0909/160432.780:ERROR:exception_snapshot_win.cc(99)] thread ID 12112 not found in process
[0909/160432.936:ERROR:process_reader_win.cc(123)] NtOpenThread: {Access Denied} A process has requested access to an object, but has not been granted those access rights. (0xc0000022)
[0909/160432.936:ERROR:exception_snapshot_win.cc(99)] thread ID 5828 not found in process
[0909/160433.119:ERROR:process_reader_win.cc(123)] NtOpenThread: {Access Denied} A process has requested access to an object, but has not been granted those access rights. (0xc0000022)
[0909/160433.119:ERROR:exception_snapshot_win.cc(99)] thread ID 11996 not found in process
[0909/160600.149:ERROR:process_reader_win.cc(151)] SuspendThread: Access is denied. (0x5)
[0909/160600.150:ERROR:process_reader_win.cc(151)] SuspendThread: Access is denied. (0x5)
[0909/160600.150:ERROR:process_reader_win.cc(151)] SuspendThread: Access is denied. (0x5)
[0909/160600.150:ERROR:process_reader_win.cc(151)] SuspendThread: Access is denied. (0x5)
[0909/160600.150:ERROR:process_reader_win.cc(151)] SuspendThread: Access is denied. (0x5)
[0909/160600.150:ERROR:process_reader_win.cc(123)] NtOpenThread: {Access Denied} A process has requested access to an object, but has not been granted those access rights. (0xc0000022)
[0909/160600.150:ERROR:exception_snapshot_win.cc(99)] thread ID 5564 not found in process
[0909/160600.162:ERROR:process_reader_win.cc(151)] SuspendThread: Access is denied. (0x5)
[0909/160600.162:ERROR:process_reader_win.cc(151)] SuspendThread: Access is denied. (0x5)
[0909/160600.162:ERROR:process_reader_win.cc(151)] SuspendThread: Access is denied. (0x5)
[0909/160600.182:ERROR:process_reader_win.cc(123)] NtOpenThread: {Access Denied} A process has requested access to an object, but has not been granted those access rights. (0xc0000022)
[0909/160600.182:ERROR:exception_snapshot_win.cc(99)] thread ID 12716 not found in process
[0909/160600.185:ERROR:process_reader_win.cc(151)] SuspendThread: Access is denied. (0x5)
[0909/160600.186:ERROR:process_reader_win.cc(151)] SuspendThread: Access is denied. (0x5)
[0909/160600.186:ERROR:process_reader_win.cc(151)] SuspendThread: Access is denied. (0x5)
[0909/160600.186:ERROR:process_reader_win.cc(151)] SuspendThread: Access is denied. (0x5)
[0909/160600.186:ERROR:process_reader_win.cc(151)] SuspendThread: Access is denied. (0x5)
[0909/160600.186:ERROR:process_reader_win.cc(151)] SuspendThread: Access is denied. (0x5)
[0909/160600.187:ERROR:process_reader_win.cc(123)] NtOpenThread: {Access Denied} A process has requested access to an object, but has not been granted those access rights. (0xc0000022)
[0909/160600.187:ERROR:exception_snapshot_win.cc(99)] thread ID 13724 not found in process
[0909/160600.191:ERROR:process_reader_win.cc(151)] SuspendThread: Access is denied. (0x5)
[0909/160600.191:ERROR:process_reader_win.cc(151)] SuspendThread: Access is denied. (0x5)
[0909/160600.191:ERROR:process_reader_win.cc(123)] NtOpenThread: {Access Denied} A process has requested access to an object, but has not been granted those access rights. (0xc0000022)
[0909/160600.191:ERROR:exception_snapshot_win.cc(99)] thread ID 10576 not found in process
[0909/160600.207:ERROR:process_reader_win.cc(123)] NtOpenThread: {Access Denied} A process has requested access to an object, but has not been granted those access rights. (0xc0000022)
[0909/160600.207:ERROR:exception_snapshot_win.cc(99)] thread ID 5392 not found in process
[0909/160732.734:ERROR:process_reader_win.cc(123)] NtOpenThread: {Access Denied} A process has requested access to an object, but has not been granted those access rights. (0xc0000022)
[0909/160732.735:ERROR:exception_snapshot_win.cc(99)] thread ID 6092 not found in process
[0909/160732.747:ERROR:process_reader_win.cc(123)] NtOpenThread: {Access Denied} A process has requested access to an object, but has not been granted those access rights. (0xc0000022)
[0909/160732.747:ERROR:exception_snapshot_win.cc(99)] thread ID 9804 not found in process
[0909/160732.763:ERROR:process_reader_win.cc(123)] NtOpenThread: {Access Denied} A process has requested access to an object, but has not been granted those access rights. (0xc0000022)
[0909/160732.763:ERROR:exception_snapshot_win.cc(99)] thread ID 13576 not found in process
[0909/160732.798:ERROR:process_reader_win.cc(123)] NtOpenThread: {Access Denied} A process has requested access to an object, but has not been granted those access rights. (0xc0000022)
[0909/160732.798:ERROR:exception_snapshot_win.cc(99)] thread ID 12228 not found in process
[0909/160732.818:ERROR:process_reader_win.cc(123)] NtOpenThread: {Access Denied} A process has requested access to an object, but has not been granted those access rights. (0xc0000022)
[0909/160732.819:ERROR:exception_snapshot_win.cc(99)] thread ID 10732 not found in process
[0910/115404.232:ERROR:prune_crash_reports.cc(36)] PruneCrashReportDatabase: Failed to get pending reports
[0910/120642.194:ERROR:process_reader_win.cc(151)] SuspendThread: Access is denied. (0x5)
[0910/120642.194:ERROR:process_reader_win.cc(151)] SuspendThread: Access is denied. (0x5)
[0910/120642.194:ERROR:process_reader_win.cc(151)] SuspendThread: Access is denied. (0x5)
[0910/120642.195:ERROR:process_reader_win.cc(151)] SuspendThread: Access is denied. (0x5)
[0910/120642.195:ERROR:process_reader_win.cc(123)] NtOpenThread: {Access Denied} A process has requested access to an object, but has not been granted those access rights. (0xc0000022)
[0910/120642.195:ERROR:exception_snapshot_win.cc(99)] thread ID 14540 not found in process
[0910/120642.194:ERROR:process_reader_win.cc(123)] NtOpenThread: {Access Denied} A process has requested access to an object, but has not been granted those access rights. (0xc0000022)
[0910/120642.196:ERROR:exception_snapshot_win.cc(99)] thread ID 15324 not found in process
[0910/120642.195:ERROR:process_reader_win.cc(123)] NtOpenThread: {Access Denied} A process has requested access to an object, but has not been granted those access rights. (0xc0000022)
[0910/120642.219:ERROR:exception_snapshot_win.cc(99)] thread ID 14732 not found in process
[0910/120642.221:ERROR:process_reader_win.cc(123)] NtOpenThread: {Access Denied} A process has requested access to an object, but has not been granted those access rights. (0xc0000022)
[0910/120642.221:ERROR:exception_snapshot_win.cc(99)] thread ID 11060 not found in process
[0910/120642.223:ERROR:process_reader_win.cc(123)] NtOpenThread: {Access Denied} A process has requested access to an object, but has not been granted those access rights. (0xc0000022)
[0910/120642.223:ERROR:exception_snapshot_win.cc(99)] thread ID 15148 not found in process
[0910/120642.223:ERROR:process_reader_win.cc(123)] NtOpenThread: {Access Denied} A process has requested access to an object, but has not been granted those access rights. (0xc0000022)
[0910/120642.223:ERROR:exception_snapshot_win.cc(99)] thread ID 11012 not found in process
[0910/120642.393:ERROR:process_reader_win.cc(123)] NtOpenThread: {Access Denied} A process has requested access to an object, but has not been granted those access rights. (0xc0000022)
[0910/120642.393:ERROR:exception_snapshot_win.cc(99)] thread ID 11984 not found in process
[0910/120832.180:ERROR:file_io_win.cc(162)] CreateFile C:\Users\JAGANN~1\AppData\Local\Temp\scoped_dir2968_471562841\Crashpad\settings.dat: The system cannot find the path specified. (0x3)
[0910/120832.181:ERROR:file_io_win.cc(171)] CreateFile C:\Users\JAGANN~1\AppData\Local\Temp\scoped_dir2968_471562841\Crashpad\reports\5dd4244e-d8d3-4fc0-9356-1ccdf21011cd.dmp: The system cannot find the path specified. (0x3)
[0910/120832.181:ERROR:crash_report_exception_handler.cc(97)] PrepareNewCrashReport failed
[0910/131519.219:ERROR:process_reader_win.cc(151)] SuspendThread: Access is denied. (0x5)
[0910/131519.219:ERROR:process_reader_win.cc(123)] NtOpenThread: {Access Denied} A process has requested access to an object, but has not been granted those access rights. (0xc0000022)
[0910/131519.220:ERROR:exception_snapshot_win.cc(99)] thread ID 11312 not found in process
[0910/131519.234:ERROR:process_reader_win.cc(151)] SuspendThread: Access is denied. (0x5)
[0910/131519.234:ERROR:process_reader_win.cc(151)] SuspendThread: Access is denied. (0x5)
[0910/131519.234:ERROR:process_reader_win.cc(151)] SuspendThread: Access is denied. (0x5)
[0910/131519.234:ERROR:process_reader_win.cc(151)] SuspendThread: Access is denied. (0x5)
[0910/131519.234:ERROR:process_reader_win.cc(151)] SuspendThread: Access is denied. (0x5)
[0910/131519.234:ERROR:process_reader_win.cc(151)] SuspendThread: Access is denied. (0x5)
[0910/131519.234:ERROR:process_reader_win.cc(151)] SuspendThread: Access is denied. (0x5)
[0910/131519.234:ERROR:process_reader_win.cc(151)] SuspendThread: Access is denied. (0x5)
[0910/131519.234:ERROR:process_reader_win.cc(123)] NtOpenThread: {Access Denied} A process has requested access to an object, but has not been granted those access rights. (0xc0000022)
[0910/131519.234:ERROR:exception_snapshot_win.cc(99)] thread ID 8220 not found in process
[0910/131519.235:ERROR:process_reader_win.cc(123)] NtOpenThread: {Access Denied} A process has requested access to an object, but has not been granted those access rights. (0xc0000022)
[0910/131519.235:ERROR:exception_snapshot_win.cc(99)] thread ID 12980 not found in process
[0910/131519.273:ERROR:process_reader_win.cc(123)] NtOpenThread: {Access Denied} A process has requested access to an object, but has not been granted those access rights. (0xc0000022)
[0910/131519.273:ERROR:exception_snapshot_win.cc(99)] thread ID 7428 not found in process
[0910/131519.357:ERROR:process_reader_win.cc(123)] NtOpenThread: {Access Denied} A process has requested access to an object, but has not been granted those access rights. (0xc0000022)
[0910/131519.357:ERROR:exception_snapshot_win.cc(99)] thread ID 11144 not found in process
[0910/132313.552:ERROR:process_reader_win.cc(123)] NtOpenThread: {Access Denied} A process has requested access to an object, but has not been granted those access rights. (0xc0000022)
[0910/132313.552:ERROR:exception_snapshot_win.cc(99)] thread ID 14444 not found in process
[0910/132313.553:ERROR:process_reader_win.cc(123)] NtOpenThread: {Access Denied} A process has requested access to an object, but has not been granted those access rights. (0xc0000022)
[0910/132313.553:ERROR:exception_snapshot_win.cc(99)] thread ID 15296 not found in process
[0910/132313.553:ERROR:process_reader_win.cc(123)] NtOpenThread: {Access Denied} A process has requested access to an object, but has not been granted those access rights. (0xc0000022)
[0910/132313.554:ERROR:exception_snapshot_win.cc(99)] thread ID 8712 not found in process
[0910/132313.583:ERROR:process_reader_win.cc(123)] NtOpenThread: {Access Denied} A process has requested access to an object, but has not been granted those access rights. (0xc0000022)
[0910/132313.583:ERROR:exception_snapshot_win.cc(99)] thread ID 15000 not found in process
[0910/132313.617:ERROR:process_reader_win.cc(123)] NtOpenThread: {Access Denied} A process has requested access to an object, but has not been granted those access rights. (0xc0000022)
[0910/132313.617:ERROR:exception_snapshot_win.cc(99)] thread ID 14868 not found in process
[0910/164027.834:ERROR:process_reader_win.cc(151)] SuspendThread: Access is denied. (0x5)
[0910/164027.856:ERROR:process_reader_win.cc(151)] SuspendThread: Access is denied. (0x5)
[0910/164027.947:ERROR:process_reader_win.cc(151)] SuspendThread: Access is denied. (0x5)
[0910/164027.948:ERROR:process_reader_win.cc(151)] SuspendThread: Access is denied. (0x5)
[0910/164027.947:ERROR:process_reader_win.cc(123)] NtOpenThread: An invalid Client ID was specified. (0xc000000b)
[0910/164027.948:ERROR:exception_snapshot_win.cc(99)] thread ID 12692 not found in process
[0910/164027.948:ERROR:process_reader_win.cc(151)] SuspendThread: Access is denied. (0x5)
[0910/164027.948:ERROR:process_reader_win.cc(123)] NtOpenThread: {Access Denied} A process has requested access to an object, but has not been granted those access rights. (0xc0000022)
[0910/164027.948:ERROR:exception_snapshot_win.cc(99)] thread ID 8188 not found in process
[0910/164027.815:ERROR:process_reader_win.cc(123)] NtOpenThread: {Access Denied} A process has requested access to an object, but has not been granted those access rights. (0xc0000022)
[0910/164027.871:ERROR:process_reader_win.cc(123)] NtOpenThread: {Access Denied} A process has requested access to an object, but has not been granted those access rights. (0xc0000022)
[0910/164027.948:ERROR:exception_snapshot_win.cc(99)] thread ID 13592 not found in process
[0910/164027.948:ERROR:exception_snapshot_win.cc(99)] thread ID 5532 not found in process
[0910/164027.886:ERROR:process_reader_win.cc(123)] NtOpenThread: {Access Denied} A process has requested access to an object, but has not been granted those access rights. (0xc0000022)
[0910/164027.949:ERROR:exception_snapshot_win.cc(99)] thread ID 3008 not found in process
[0910/164027.869:ERROR:process_reader_win.cc(123)] NtOpenThread: {Access Denied} A process has requested access to an object, but has not been granted those access rights. (0xc0000022)
[0910/164027.949:ERROR:exception_snapshot_win.cc(99)] thread ID 1604 not found in process
[0910/164027.948:ERROR:scoped_process_suspend.cc(40)] NtResumeProcess: An attempt was made to access an exiting process. (0xc000010a)
[0910/164028.989:ERROR:process_reader_win.cc(123)] NtOpenThread: {Access Denied} A process has requested access to an object, but has not been granted those access rights. (0xc0000022)
[0910/164028.989:ERROR:exception_snapshot_win.cc(99)] thread ID 10968 not found in process
[0910/164028.993:ERROR:process_reader_win.cc(123)] NtOpenThread: {Access Denied} A process has requested access to an object, but has not been granted those access rights. (0xc0000022)
[0910/164028.993:ERROR:exception_snapshot_win.cc(99)] thread ID 12704 not found in process
[0910/164029.096:ERROR:process_reader_win.cc(123)] NtOpenThread: {Access Denied} A process has requested access to an object, but has not been granted those access rights. (0xc0000022)
[0910/164029.096:ERROR:exception_snapshot_win.cc(99)] thread ID 336 not found in process
[0910/164249.159:ERROR:process_reader_win.cc(151)] SuspendThread: Access is denied. (0x5)
[0910/164249.159:ERROR:process_reader_win.cc(123)] NtOpenThread: {Access Denied} A process has requested access to an object, but has not been granted those access rights. (0xc0000022)
[0910/164249.159:ERROR:exception_snapshot_win.cc(99)] thread ID 1604 not found in process
[0910/164249.174:ERROR:process_reader_win.cc(123)] NtOpenThread: {Access Denied} A process has requested access to an object, but has not been granted those access rights. (0xc0000022)
[0910/164249.174:ERROR:exception_snapshot_win.cc(99)] thread ID 5772 not found in process
[0910/164249.191:ERROR:process_reader_win.cc(151)] SuspendThread: Access is denied. (0x5)
[0910/164249.193:ERROR:process_reader_win.cc(151)] SuspendThread: Access is denied. (0x5)
[0910/164249.193:ERROR:process_reader_win.cc(151)] SuspendThread: Access is denied. (0x5)
[0910/164249.193:ERROR:process_reader_win.cc(151)] SuspendThread: Access is denied. (0x5)
[0910/164249.193:ERROR:process_reader_win.cc(151)] SuspendThread: Access is denied. (0x5)
[0910/164249.193:ERROR:process_reader_win.cc(123)] NtOpenThread: {Access Denied} A process has requested access to an object, but has not been granted those access rights. (0xc0000022)
[0910/164249.193:ERROR:exception_snapshot_win.cc(99)] thread ID 5532 not found in process
[0910/164249.196:ERROR:process_reader_win.cc(123)] NtOpenThread: {Access Denied} A process has requested access to an object, but has not been granted those access rights. (0xc0000022)
[0910/164249.196:ERROR:exception_snapshot_win.cc(99)] thread ID 7792 not found in process
[0910/164249.205:ERROR:process_reader_win.cc(151)] SuspendThread: Access is denied. (0x5)
[0910/164249.205:ERROR:process_reader_win.cc(123)] NtOpenThread: {Access Denied} A process has requested access to an object, but has not been granted those access rights. (0xc0000022)
[0910/164249.205:ERROR:exception_snapshot_win.cc(99)] thread ID 864 not found in process
[0910/164625.448:ERROR:process_reader_win.cc(151)] SuspendThread: Access is denied. (0x5)
[0910/164625.451:ERROR:process_reader_win.cc(123)] NtOpenThread: {Access Denied} A process has requested access to an object, but has not been granted those access rights. (0xc0000022)
[0910/164625.451:ERROR:exception_snapshot_win.cc(99)] thread ID 4752 not found in process
[0910/164625.459:ERROR:process_reader_win.cc(151)] SuspendThread: Access is denied. (0x5)
[0910/164625.459:ERROR:process_reader_win.cc(151)] SuspendThread: Access is denied. (0x5)
[0910/164625.459:ERROR:process_reader_win.cc(151)] SuspendThread: Access is denied. (0x5)
[0910/164625.459:ERROR:process_reader_win.cc(123)] NtOpenThread: {Access Denied} A process has requested access to an object, but has not been granted those access rights. (0xc0000022)
[0910/164625.459:ERROR:exception_snapshot_win.cc(99)] thread ID 14056 not found in process
[0910/164625.448:ERROR:process_reader_win.cc(123)] NtOpenThread: {Access Denied} A process has requested access to an object, but has not been granted those access rights. (0xc0000022)
[0910/164625.462:ERROR:exception_snapshot_win.cc(99)] thread ID 9712 not found in process
[0910/164625.473:ERROR:process_reader_win.cc(151)] SuspendThread: Access is denied. (0x5)
[0910/164625.473:ERROR:process_reader_win.cc(123)] NtOpenThread: {Access Denied} A process has requested access to an object, but has not been granted those access rights. (0xc0000022)
[0910/164625.473:ERROR:exception_snapshot_win.cc(99)] thread ID 5300 not found in process
[0910/164625.490:ERROR:process_reader_win.cc(123)] NtOpenThread: {Access Denied} A process has requested access to an object, but has not been granted those access rights. (0xc0000022)
[0910/164625.491:ERROR:exception_snapshot_win.cc(99)] thread ID 11776 not found in process
[0910/164625.509:ERROR:process_reader_win.cc(123)] NtOpenThread: {Access Denied} A process has requested access to an object, but has not been granted those access rights. (0xc0000022)
[0910/164625.509:ERROR:exception_snapshot_win.cc(99)] thread ID 5728 not found in process
[0910/164815.377:ERROR:process_reader_win.cc(123)] NtOpenThread: {Access Denied} A process has requested access to an object, but has not been granted those access rights. (0xc0000022)
[0910/164815.377:ERROR:exception_snapshot_win.cc(99)] thread ID 7428 not found in process
[0910/164815.393:ERROR:process_reader_win.cc(123)] NtOpenThread: {Access Denied} A process has requested access to an object, but has not been granted those access rights. (0xc0000022)
[0910/164815.394:ERROR:exception_snapshot_win.cc(99)] thread ID 10468 not found in process
[0910/164815.418:ERROR:process_reader_win.cc(123)] NtOpenThread: {Access Denied} A process has requested access to an object, but has not been granted those access rights. (0xc0000022)
[0910/164815.418:ERROR:exception_snapshot_win.cc(99)] thread ID 5580 not found in process
[0910/164815.440:ERROR:process_reader_win.cc(151)] SuspendThread: Access is denied. (0x5)
[0910/164815.443:ERROR:process_reader_win.cc(123)] NtOpenThread: {Access Denied} A process has requested access to an object, but has not been granted those access rights. (0xc0000022)
[0910/164815.443:ERROR:exception_snapshot_win.cc(99)] thread ID 3316 not found in process
[0910/164815.457:ERROR:process_reader_win.cc(123)] NtOpenThread: {Access Denied} A process has requested access to an object, but has not been granted those access rights. (0xc0000022)
[0910/164815.457:ERROR:exception_snapshot_win.cc(99)] thread ID 884 not found in process
